<?xml version="1.0" encoding="UTF-8"?>
<!-- Generated by org.testng.reporters.JUnitReportReporter -->
<testsuite hostname="DESKTOP-UK81M76" failures="0" tests="1" name="com.costacoffee.tests.FirstTest" time="10.206" errors="0" timestamp="2025-05-03T18:08:28 IST" skipped="0">
  <testcase classname="com.costacoffee.tests.FirstTest" name="unlockButton" time="10.206"/>
</testsuite> <!-- com.costacoffee.tests.FirstTest -->
